2022-10-29 23:43:26 INFO  Log:20 - ====================================="+sTestCaseName+" TEST START=========================================
2022-10-29 23:43:26 INFO  Log:32 - user is going to click on signin button
2022-10-29 23:43:51 INFO  Log:32 - enter username and password
2022-10-29 23:43:58 INFO  Log:32 - Verifying user able to login
2022-10-29 23:43:58 INFO  Log:32 - Login Success
2022-10-29 23:43:58 INFO  Log:25 - ====================================="+sTestCaseName+" TEST END=========================================
2022-10-29 23:45:57 INFO  Log:20 - =====================================Login Test TEST START=========================================
2022-10-29 23:45:57 INFO  Log:32 - user is going to click on signin button
2022-10-29 23:46:03 INFO  Log:32 - enter username and password
2022-10-29 23:46:08 INFO  Log:32 - Verifying user able to login
2022-10-29 23:46:08 INFO  Log:32 - Login Success
2022-10-29 23:46:08 INFO  Log:25 - =====================================Login Test TEST END=========================================
2022-10-30 00:13:21 INFO  Log:20 - =====================================Login Test TEST START=========================================
2022-10-30 00:13:21 INFO  Log:32 - user is going to click on signin button
2022-10-30 00:13:37 INFO  Log:32 - enter username and password
2022-10-30 00:13:40 INFO  Log:32 - Verifying user able to login
2022-10-30 00:13:40 INFO  Log:32 - Login Success
2022-10-30 00:13:40 INFO  Log:25 - =====================================Login Test TEST END=========================================
2022-10-30 23:14:10 INFO  Log:20 - =====================================Login Test TEST START=========================================
2022-10-30 23:14:10 INFO  Log:32 - user is going to click on signin button
2022-10-30 23:14:21 INFO  Log:32 - enter username and password
2022-10-30 23:14:27 INFO  Log:32 - Verifying user able to login
2022-10-30 23:14:27 INFO  Log:32 - Login Success
2022-10-30 23:14:27 INFO  Log:25 - =====================================Login Test TEST END=========================================
2022-10-30 23:15:55 INFO  Log:20 - =====================================Login Test TEST START=========================================
2022-10-30 23:15:55 INFO  Log:32 - user is going to click on signin button
2022-10-30 23:16:11 INFO  Log:32 - enter username and password
2022-10-30 23:16:31 INFO  Log:32 - Verifying user able to login
2022-10-30 23:16:31 INFO  Log:32 - Login Success
2022-10-30 23:16:31 INFO  Log:25 - =====================================Login Test TEST END=========================================
2022-10-31 12:13:23 INFO  Log:20 - =====================================Login Test TEST START=========================================
2022-10-31 12:13:23 INFO  Log:32 - user is going to click on signin button
2022-10-31 12:13:35 INFO  Log:32 - enter username and password
2022-10-31 12:13:42 INFO  Log:32 - Verifying user able to login
2022-10-31 12:13:42 INFO  Log:32 - Login Success
2022-10-31 12:13:42 INFO  Log:25 - =====================================Login Test TEST END=========================================
2022-10-31 13:02:36 INFO  Log:20 - =====================================AddToCartTest TEST START=========================================
2022-10-31 13:03:19 INFO  Log:25 - =====================================AddToCartTest TEST END=========================================
2022-10-31 13:09:00 INFO  Log:20 - =====================================AddToCartTest TEST START=========================================
2022-10-31 13:09:22 INFO  Log:25 - =====================================AddToCartTest TEST END=========================================
2022-10-31 13:41:29 INFO  Log:20 - =====================================verifyCreateAccountPageTest TEST START=========================================
2022-10-31 13:42:59 INFO  Log:20 - =====================================verifyCreateAccountPageTest TEST START=========================================
2022-10-31 13:45:53 INFO  Log:20 - =====================================verifyCreateAccountPageTest TEST START=========================================
2022-10-31 13:46:01 INFO  Log:25 - =====================================verifyCreateAccountPageTest TEST END=========================================
2022-10-31 13:51:42 INFO  Log:20 - =====================================verifyCreateAccountPageTest TEST START=========================================
2022-10-31 13:51:54 INFO  Log:25 - =====================================verifyCreateAccountPageTest TEST END=========================================
2022-10-31 15:32:24 INFO  Log:20 - =====================================createAccountTest TEST START=========================================
2022-10-31 15:36:06 INFO  Log:20 - =====================================verifyCreateAccountPageTest TEST START=========================================
2022-10-31 15:36:41 INFO  Log:25 - =====================================verifyCreateAccountPageTest TEST END=========================================
2022-10-31 15:37:12 INFO  Log:20 - =====================================createAccountTest TEST START=========================================
2022-10-31 15:42:43 INFO  Log:20 - =====================================verifyCreateAccountPageTest TEST START=========================================
2022-10-31 15:42:59 INFO  Log:25 - =====================================verifyCreateAccountPageTest TEST END=========================================
2022-10-31 15:50:14 INFO  Log:20 - =====================================verifyCreateAccountPageTest TEST START=========================================
2022-10-31 15:51:16 INFO  Log:20 - =====================================createAccountTest TEST START=========================================
2022-10-31 15:51:40 INFO  Log:20 - =====================================createAccountTest TEST START=========================================
2022-10-31 15:52:24 INFO  Log:20 - =====================================createAccountTest TEST START=========================================
2022-10-31 15:53:39 INFO  Log:20 - =====================================verifyCreateAccountPageTest TEST START=========================================
2022-10-31 15:54:11 INFO  Log:25 - =====================================verifyCreateAccountPageTest TEST END=========================================
2022-10-31 15:54:42 INFO  Log:20 - =====================================createAccountTest TEST START=========================================
2022-10-31 15:55:06 INFO  Log:20 - =====================================AddToCartTest TEST START=========================================
2022-10-31 17:51:26 INFO  Log:20 - =====================================Login Test TEST START=========================================
2022-10-31 17:51:26 INFO  Log:32 - user is going to click on signin button
2022-10-31 17:51:33 INFO  Log:32 - enter username and password
2022-10-31 17:51:40 INFO  Log:32 - Verifying user able to login
2022-10-31 17:51:40 INFO  Log:32 - Login Success
2022-10-31 17:51:40 INFO  Log:25 - =====================================Login Test TEST END=========================================
2022-11-01 22:58:01 INFO  Log:20 - =====================================Login Test TEST START=========================================
2022-11-01 22:58:01 INFO  Log:32 - user is going to click on signin button
2022-11-01 22:58:16 INFO  Log:32 - enter username and password
2022-11-01 22:58:32 INFO  Log:32 - Verifying user able to login
2022-11-01 22:58:32 INFO  Log:32 - Login Success
2022-11-01 22:58:32 INFO  Log:25 - =====================================Login Test TEST END=========================================
2022-11-01 23:05:16 INFO  Log:20 - =====================================Login Test TEST START=========================================
2022-11-01 23:05:16 INFO  Log:32 - user is going to click on signin button
2022-11-01 23:05:23 INFO  Log:32 - enter username and password
2022-11-01 23:05:30 INFO  Log:32 - Verifying user able to login
2022-11-01 23:05:30 INFO  Log:32 - Login Success
2022-11-01 23:05:30 INFO  Log:25 - =====================================Login Test TEST END=========================================
2022-11-01 23:12:20 INFO  Log:20 - =====================================Login Test TEST START=========================================
2022-11-01 23:12:20 INFO  Log:32 - user is going to click on signin button
2022-11-01 23:12:34 INFO  Log:32 - enter username and password
2022-11-01 23:12:41 INFO  Log:32 - Verifying user able to login
2022-11-01 23:12:41 INFO  Log:32 - Login Success
2022-11-01 23:12:41 INFO  Log:25 - =====================================Login Test TEST END=========================================
2022-11-01 23:18:58 INFO  Log:20 - =====================================Login Test TEST START=========================================
2022-11-01 23:18:58 INFO  Log:32 - user is going to click on signin button
2022-11-01 23:19:08 INFO  Log:32 - enter username and password
2022-11-01 23:19:16 INFO  Log:32 - Verifying user able to login
2022-11-01 23:19:16 INFO  Log:32 - Login Success
2022-11-01 23:19:16 INFO  Log:25 - =====================================Login Test TEST END=========================================
2022-11-01 23:24:12 INFO  Log:20 - =====================================verifyCreateAccountPageTest TEST START=========================================
2022-11-01 23:24:38 INFO  Log:25 - =====================================verifyCreateAccountPageTest TEST END=========================================
2022-11-01 23:26:46 INFO  Log:20 - =====================================AddToCartTest TEST START=========================================
2022-11-01 23:28:22 INFO  Log:20 - =====================================Login Test TEST START=========================================
2022-11-01 23:28:22 INFO  Log:32 - user is going to click on signin button
2022-11-01 23:28:38 INFO  Log:32 - enter username and password
2022-11-01 23:29:18 INFO  Log:32 - Verifying user able to login
2022-11-01 23:29:18 INFO  Log:32 - Login Success
2022-11-01 23:29:18 INFO  Log:25 - =====================================Login Test TEST END=========================================
2022-11-01 23:34:52 INFO  Log:20 - =====================================Login Test TEST START=========================================
2022-11-01 23:34:52 INFO  Log:32 - user is going to click on signin button
2022-11-01 23:35:02 INFO  Log:32 - enter username and password
2022-11-01 23:35:08 INFO  Log:32 - Verifying user able to login
2022-11-01 23:35:08 INFO  Log:32 - Login Success
2022-11-01 23:35:08 INFO  Log:25 - =====================================Login Test TEST END=========================================
2022-11-01 23:43:28 INFO  Log:20 - =====================================Login Test TEST START=========================================
2022-11-01 23:43:28 INFO  Log:32 - user is going to click on signin button
2022-11-01 23:43:39 INFO  Log:32 - enter username and password
2022-11-01 23:43:53 INFO  Log:32 - Verifying user able to login
2022-11-01 23:43:53 INFO  Log:32 - Login Success
2022-11-01 23:43:53 INFO  Log:25 - =====================================Login Test TEST END=========================================
2022-11-02 00:02:44 INFO  Log:20 - =====================================Login Test TEST START=========================================
2022-11-02 00:02:44 INFO  Log:32 - user is going to click on signin button
2022-11-02 00:02:59 INFO  Log:32 - enter username and password
2022-11-02 00:03:04 INFO  Log:32 - Verifying user able to login
2022-11-02 00:03:04 INFO  Log:32 - Login Success
2022-11-02 00:03:04 INFO  Log:25 - =====================================Login Test TEST END=========================================
2022-11-02 00:03:05 DEBUG cache:45 - Couldn't find template in cache for "v3html/v3-html-index.ftl"("en", UTF-8, parsed); will try to load it.
2022-11-02 00:03:05 DEBUG cache:45 - TemplateLoader.findTemplateSource("v3html/v3-html-index_en.ftl"): Not found
2022-11-02 00:03:05 DEBUG cache:45 - TemplateLoader.findTemplateSource("v3html/v3-html-index.ftl"): Found
2022-11-02 00:03:05 DEBUG cache:45 - Loading template for "v3html/v3-html-index.ftl"("en", UTF-8, parsed) from "jar:file:/C:/Users/USER/.m2/repository/com/aventstack/extentreports/4.0.9/extentreports-4.0.9.jar!/com/aventstack/extentreports/view/v3html/v3-html-index.ftl"
2022-11-02 00:03:06 DEBUG cache:45 - Couldn't find template in cache for "v3html/v3-html-head.ftl"("en", UTF-8, parsed); will try to load it.
2022-11-02 00:03:06 DEBUG cache:45 - TemplateLoader.findTemplateSource("v3html/v3-html-head_en.ftl"): Not found
2022-11-02 00:03:06 DEBUG cache:45 - TemplateLoader.findTemplateSource("v3html/v3-html-head.ftl"): Found
2022-11-02 00:03:06 DEBUG cache:45 - Loading template for "v3html/v3-html-head.ftl"("en", UTF-8, parsed) from "jar:file:/C:/Users/USER/.m2/repository/com/aventstack/extentreports/4.0.9/extentreports-4.0.9.jar!/com/aventstack/extentreports/view/v3html/v3-html-head.ftl"
2022-11-02 00:03:06 DEBUG cache:45 - Couldn't find template in cache for "v3html/v3-html-nav.ftl"("en", UTF-8, parsed); will try to load it.
2022-11-02 00:03:06 DEBUG cache:45 - TemplateLoader.findTemplateSource("v3html/v3-html-nav_en.ftl"): Not found
2022-11-02 00:03:06 DEBUG cache:45 - TemplateLoader.findTemplateSource("v3html/v3-html-nav.ftl"): Found
2022-11-02 00:03:06 DEBUG cache:45 - Loading template for "v3html/v3-html-nav.ftl"("en", UTF-8, parsed) from "jar:file:/C:/Users/USER/.m2/repository/com/aventstack/extentreports/4.0.9/extentreports-4.0.9.jar!/com/aventstack/extentreports/view/v3html/v3-html-nav.ftl"
2022-11-02 00:03:06 DEBUG cache:45 - Couldn't find template in cache for "v3html/test-view/v3-html-test-view.ftl"("en", UTF-8, parsed); will try to load it.
2022-11-02 00:03:06 DEBUG cache:45 - TemplateLoader.findTemplateSource("v3html/test-view/v3-html-test-view_en.ftl"): Not found
2022-11-02 00:03:06 DEBUG cache:45 - TemplateLoader.findTemplateSource("v3html/test-view/v3-html-test-view.ftl"): Found
2022-11-02 00:03:06 DEBUG cache:45 - Loading template for "v3html/test-view/v3-html-test-view.ftl"("en", UTF-8, parsed) from "jar:file:/C:/Users/USER/.m2/repository/com/aventstack/extentreports/4.0.9/extentreports-4.0.9.jar!/com/aventstack/extentreports/view/v3html/test-view/v3-html-test-view.ftl"
2022-11-02 00:03:06 DEBUG cache:45 - Couldn't find template in cache for "v3html/test-view/v3-html-test-view-charts.ftl"("en", UTF-8, parsed); will try to load it.
2022-11-02 00:03:06 DEBUG cache:45 - TemplateLoader.findTemplateSource("v3html/test-view/v3-html-test-view-charts_en.ftl"): Not found
2022-11-02 00:03:06 DEBUG cache:45 - TemplateLoader.findTemplateSource("v3html/test-view/v3-html-test-view-charts.ftl"): Found
2022-11-02 00:03:06 DEBUG cache:45 - Loading template for "v3html/test-view/v3-html-test-view-charts.ftl"("en", UTF-8, parsed) from "jar:file:/C:/Users/USER/.m2/repository/com/aventstack/extentreports/4.0.9/extentreports-4.0.9.jar!/com/aventstack/extentreports/view/v3html/test-view/v3-html-test-view-charts.ftl"
2022-11-02 00:03:06 DEBUG cache:45 - Couldn't find template in cache for "v3html/test-view/v3-html-standard.ftl"("en", UTF-8, parsed); will try to load it.
2022-11-02 00:03:06 DEBUG cache:45 - TemplateLoader.findTemplateSource("v3html/test-view/v3-html-standard_en.ftl"): Not found
2022-11-02 00:03:06 DEBUG cache:45 - TemplateLoader.findTemplateSource("v3html/test-view/v3-html-standard.ftl"): Found
2022-11-02 00:03:06 DEBUG cache:45 - Loading template for "v3html/test-view/v3-html-standard.ftl"("en", UTF-8, parsed) from "jar:file:/C:/Users/USER/.m2/repository/com/aventstack/extentreports/4.0.9/extentreports-4.0.9.jar!/com/aventstack/extentreports/view/v3html/test-view/v3-html-standard.ftl"
2022-11-02 00:03:06 DEBUG cache:45 - Couldn't find template in cache for "v3html/category-view/v3-html-category-view.ftl"("en", UTF-8, parsed); will try to load it.
2022-11-02 00:03:06 DEBUG cache:45 - TemplateLoader.findTemplateSource("v3html/category-view/v3-html-category-view_en.ftl"): Not found
2022-11-02 00:03:06 DEBUG cache:45 - TemplateLoader.findTemplateSource("v3html/category-view/v3-html-category-view.ftl"): Found
2022-11-02 00:03:06 DEBUG cache:45 - Loading template for "v3html/category-view/v3-html-category-view.ftl"("en", UTF-8, parsed) from "jar:file:/C:/Users/USER/.m2/repository/com/aventstack/extentreports/4.0.9/extentreports-4.0.9.jar!/com/aventstack/extentreports/view/v3html/category-view/v3-html-category-view.ftl"
2022-11-02 00:03:06 DEBUG cache:45 - Couldn't find template in cache for "v3html/exception-view/v3-html-exception-view.ftl"("en", UTF-8, parsed); will try to load it.
2022-11-02 00:03:06 DEBUG cache:45 - TemplateLoader.findTemplateSource("v3html/exception-view/v3-html-exception-view_en.ftl"): Not found
2022-11-02 00:03:06 DEBUG cache:45 - TemplateLoader.findTemplateSource("v3html/exception-view/v3-html-exception-view.ftl"): Found
2022-11-02 00:03:06 DEBUG cache:45 - Loading template for "v3html/exception-view/v3-html-exception-view.ftl"("en", UTF-8, parsed) from "jar:file:/C:/Users/USER/.m2/repository/com/aventstack/extentreports/4.0.9/extentreports-4.0.9.jar!/com/aventstack/extentreports/view/v3html/exception-view/v3-html-exception-view.ftl"
2022-11-02 00:03:06 DEBUG cache:45 - Couldn't find template in cache for "v3html/author-view/v3-html-author-view.ftl"("en", UTF-8, parsed); will try to load it.
2022-11-02 00:03:06 DEBUG cache:45 - TemplateLoader.findTemplateSource("v3html/author-view/v3-html-author-view_en.ftl"): Not found
2022-11-02 00:03:06 DEBUG cache:45 - TemplateLoader.findTemplateSource("v3html/author-view/v3-html-author-view.ftl"): Found
2022-11-02 00:03:06 DEBUG cache:45 - Loading template for "v3html/author-view/v3-html-author-view.ftl"("en", UTF-8, parsed) from "jar:file:/C:/Users/USER/.m2/repository/com/aventstack/extentreports/4.0.9/extentreports-4.0.9.jar!/com/aventstack/extentreports/view/v3html/author-view/v3-html-author-view.ftl"
2022-11-02 00:03:06 DEBUG cache:45 - Couldn't find template in cache for "v3html/dashboard-view/v3-html-dashboard-view.ftl"("en", UTF-8, parsed); will try to load it.
2022-11-02 00:03:06 DEBUG cache:45 - TemplateLoader.findTemplateSource("v3html/dashboard-view/v3-html-dashboard-view_en.ftl"): Not found
2022-11-02 00:03:06 DEBUG cache:45 - TemplateLoader.findTemplateSource("v3html/dashboard-view/v3-html-dashboard-view.ftl"): Found
2022-11-02 00:03:06 DEBUG cache:45 - Loading template for "v3html/dashboard-view/v3-html-dashboard-view.ftl"("en", UTF-8, parsed) from "jar:file:/C:/Users/USER/.m2/repository/com/aventstack/extentreports/4.0.9/extentreports-4.0.9.jar!/com/aventstack/extentreports/view/v3html/dashboard-view/v3-html-dashboard-view.ftl"
2022-11-02 00:03:06 DEBUG cache:45 - Couldn't find template in cache for "v3html/logs-view/v3-html-testrunner-logs-view.ftl"("en", UTF-8, parsed); will try to load it.
2022-11-02 00:03:06 DEBUG cache:45 - TemplateLoader.findTemplateSource("v3html/logs-view/v3-html-testrunner-logs-view_en.ftl"): Not found
2022-11-02 00:03:06 DEBUG cache:45 - TemplateLoader.findTemplateSource("v3html/logs-view/v3-html-testrunner-logs-view.ftl"): Found
2022-11-02 00:03:06 DEBUG cache:45 - Loading template for "v3html/logs-view/v3-html-testrunner-logs-view.ftl"("en", UTF-8, parsed) from "jar:file:/C:/Users/USER/.m2/repository/com/aventstack/extentreports/4.0.9/extentreports-4.0.9.jar!/com/aventstack/extentreports/view/v3html/logs-view/v3-html-testrunner-logs-view.ftl"
2022-11-02 00:07:23 INFO  Log:20 - =====================================Login Test TEST START=========================================
2022-11-02 00:07:23 INFO  Log:32 - user is going to click on signin button
2022-11-02 00:07:31 INFO  Log:32 - enter username and password
2022-11-02 00:07:36 INFO  Log:32 - Verifying user able to login
2022-11-02 00:07:36 INFO  Log:32 - Login Success
2022-11-02 00:07:36 INFO  Log:25 - =====================================Login Test TEST END=========================================
2022-11-02 00:09:58 INFO  Log:20 - =====================================Login Test TEST START=========================================
2022-11-02 00:09:58 INFO  Log:32 - user is going to click on signin button
2022-11-02 00:10:04 INFO  Log:32 - enter username and password
2022-11-02 00:10:10 INFO  Log:32 - Verifying user able to login
2022-11-02 00:10:10 INFO  Log:32 - Login Success
2022-11-02 00:10:10 INFO  Log:25 - =====================================Login Test TEST END=========================================
2022-11-02 00:12:18 DEBUG cache:45 - Couldn't find template in cache for "v3html/v3-html-index.ftl"("en", UTF-8, parsed); will try to load it.
2022-11-02 00:12:18 DEBUG cache:45 - TemplateLoader.findTemplateSource("v3html/v3-html-index_en.ftl"): Not found
2022-11-02 00:12:18 DEBUG cache:45 - TemplateLoader.findTemplateSource("v3html/v3-html-index.ftl"): Found
2022-11-02 00:12:18 DEBUG cache:45 - Loading template for "v3html/v3-html-index.ftl"("en", UTF-8, parsed) from "jar:file:/C:/Users/USER/.m2/repository/com/aventstack/extentreports/4.0.9/extentreports-4.0.9.jar!/com/aventstack/extentreports/view/v3html/v3-html-index.ftl"
2022-11-02 00:12:18 DEBUG cache:45 - Couldn't find template in cache for "v3html/v3-html-head.ftl"("en", UTF-8, parsed); will try to load it.
2022-11-02 00:12:18 DEBUG cache:45 - TemplateLoader.findTemplateSource("v3html/v3-html-head_en.ftl"): Not found
2022-11-02 00:12:18 DEBUG cache:45 - TemplateLoader.findTemplateSource("v3html/v3-html-head.ftl"): Found
2022-11-02 00:12:18 DEBUG cache:45 - Loading template for "v3html/v3-html-head.ftl"("en", UTF-8, parsed) from "jar:file:/C:/Users/USER/.m2/repository/com/aventstack/extentreports/4.0.9/extentreports-4.0.9.jar!/com/aventstack/extentreports/view/v3html/v3-html-head.ftl"
2022-11-02 00:12:18 DEBUG cache:45 - Couldn't find template in cache for "v3html/v3-html-nav.ftl"("en", UTF-8, parsed); will try to load it.
2022-11-02 00:12:18 DEBUG cache:45 - TemplateLoader.findTemplateSource("v3html/v3-html-nav_en.ftl"): Not found
2022-11-02 00:12:18 DEBUG cache:45 - TemplateLoader.findTemplateSource("v3html/v3-html-nav.ftl"): Found
2022-11-02 00:12:18 DEBUG cache:45 - Loading template for "v3html/v3-html-nav.ftl"("en", UTF-8, parsed) from "jar:file:/C:/Users/USER/.m2/repository/com/aventstack/extentreports/4.0.9/extentreports-4.0.9.jar!/com/aventstack/extentreports/view/v3html/v3-html-nav.ftl"
2022-11-02 00:12:18 DEBUG cache:45 - Couldn't find template in cache for "v3html/test-view/v3-html-test-view.ftl"("en", UTF-8, parsed); will try to load it.
2022-11-02 00:12:18 DEBUG cache:45 - TemplateLoader.findTemplateSource("v3html/test-view/v3-html-test-view_en.ftl"): Not found
2022-11-02 00:12:18 DEBUG cache:45 - TemplateLoader.findTemplateSource("v3html/test-view/v3-html-test-view.ftl"): Found
2022-11-02 00:12:18 DEBUG cache:45 - Loading template for "v3html/test-view/v3-html-test-view.ftl"("en", UTF-8, parsed) from "jar:file:/C:/Users/USER/.m2/repository/com/aventstack/extentreports/4.0.9/extentreports-4.0.9.jar!/com/aventstack/extentreports/view/v3html/test-view/v3-html-test-view.ftl"
2022-11-02 00:12:18 DEBUG cache:45 - Couldn't find template in cache for "v3html/test-view/v3-html-test-view-charts.ftl"("en", UTF-8, parsed); will try to load it.
2022-11-02 00:12:18 DEBUG cache:45 - TemplateLoader.findTemplateSource("v3html/test-view/v3-html-test-view-charts_en.ftl"): Not found
2022-11-02 00:12:18 DEBUG cache:45 - TemplateLoader.findTemplateSource("v3html/test-view/v3-html-test-view-charts.ftl"): Found
2022-11-02 00:12:18 DEBUG cache:45 - Loading template for "v3html/test-view/v3-html-test-view-charts.ftl"("en", UTF-8, parsed) from "jar:file:/C:/Users/USER/.m2/repository/com/aventstack/extentreports/4.0.9/extentreports-4.0.9.jar!/com/aventstack/extentreports/view/v3html/test-view/v3-html-test-view-charts.ftl"
2022-11-02 00:12:18 DEBUG cache:45 - Couldn't find template in cache for "v3html/test-view/v3-html-standard.ftl"("en", UTF-8, parsed); will try to load it.
2022-11-02 00:12:18 DEBUG cache:45 - TemplateLoader.findTemplateSource("v3html/test-view/v3-html-standard_en.ftl"): Not found
2022-11-02 00:12:18 DEBUG cache:45 - TemplateLoader.findTemplateSource("v3html/test-view/v3-html-standard.ftl"): Found
2022-11-02 00:12:18 DEBUG cache:45 - Loading template for "v3html/test-view/v3-html-standard.ftl"("en", UTF-8, parsed) from "jar:file:/C:/Users/USER/.m2/repository/com/aventstack/extentreports/4.0.9/extentreports-4.0.9.jar!/com/aventstack/extentreports/view/v3html/test-view/v3-html-standard.ftl"
2022-11-02 00:12:18 DEBUG cache:45 - "v3html/test-view/v3-html-standard.ftl"("en", UTF-8, parsed) cached copy not yet stale; using cached.
2022-11-02 00:12:18 DEBUG cache:45 - Couldn't find template in cache for "v3html/category-view/v3-html-category-view.ftl"("en", UTF-8, parsed); will try to load it.
2022-11-02 00:12:18 DEBUG cache:45 - TemplateLoader.findTemplateSource("v3html/category-view/v3-html-category-view_en.ftl"): Not found
2022-11-02 00:12:18 DEBUG cache:45 - TemplateLoader.findTemplateSource("v3html/category-view/v3-html-category-view.ftl"): Found
2022-11-02 00:12:18 DEBUG cache:45 - Loading template for "v3html/category-view/v3-html-category-view.ftl"("en", UTF-8, parsed) from "jar:file:/C:/Users/USER/.m2/repository/com/aventstack/extentreports/4.0.9/extentreports-4.0.9.jar!/com/aventstack/extentreports/view/v3html/category-view/v3-html-category-view.ftl"
2022-11-02 00:12:18 DEBUG cache:45 - Couldn't find template in cache for "v3html/exception-view/v3-html-exception-view.ftl"("en", UTF-8, parsed); will try to load it.
2022-11-02 00:12:18 DEBUG cache:45 - TemplateLoader.findTemplateSource("v3html/exception-view/v3-html-exception-view_en.ftl"): Not found
2022-11-02 00:12:18 DEBUG cache:45 - TemplateLoader.findTemplateSource("v3html/exception-view/v3-html-exception-view.ftl"): Found
2022-11-02 00:12:18 DEBUG cache:45 - Loading template for "v3html/exception-view/v3-html-exception-view.ftl"("en", UTF-8, parsed) from "jar:file:/C:/Users/USER/.m2/repository/com/aventstack/extentreports/4.0.9/extentreports-4.0.9.jar!/com/aventstack/extentreports/view/v3html/exception-view/v3-html-exception-view.ftl"
2022-11-02 00:12:18 DEBUG cache:45 - Couldn't find template in cache for "v3html/author-view/v3-html-author-view.ftl"("en", UTF-8, parsed); will try to load it.
2022-11-02 00:12:18 DEBUG cache:45 - TemplateLoader.findTemplateSource("v3html/author-view/v3-html-author-view_en.ftl"): Not found
2022-11-02 00:12:18 DEBUG cache:45 - TemplateLoader.findTemplateSource("v3html/author-view/v3-html-author-view.ftl"): Found
2022-11-02 00:12:18 DEBUG cache:45 - Loading template for "v3html/author-view/v3-html-author-view.ftl"("en", UTF-8, parsed) from "jar:file:/C:/Users/USER/.m2/repository/com/aventstack/extentreports/4.0.9/extentreports-4.0.9.jar!/com/aventstack/extentreports/view/v3html/author-view/v3-html-author-view.ftl"
2022-11-02 00:12:18 DEBUG cache:45 - Couldn't find template in cache for "v3html/dashboard-view/v3-html-dashboard-view.ftl"("en", UTF-8, parsed); will try to load it.
2022-11-02 00:12:18 DEBUG cache:45 - TemplateLoader.findTemplateSource("v3html/dashboard-view/v3-html-dashboard-view_en.ftl"): Not found
2022-11-02 00:12:18 DEBUG cache:45 - TemplateLoader.findTemplateSource("v3html/dashboard-view/v3-html-dashboard-view.ftl"): Found
2022-11-02 00:12:18 DEBUG cache:45 - Loading template for "v3html/dashboard-view/v3-html-dashboard-view.ftl"("en", UTF-8, parsed) from "jar:file:/C:/Users/USER/.m2/repository/com/aventstack/extentreports/4.0.9/extentreports-4.0.9.jar!/com/aventstack/extentreports/view/v3html/dashboard-view/v3-html-dashboard-view.ftl"
2022-11-02 00:12:18 DEBUG cache:45 - Couldn't find template in cache for "v3html/logs-view/v3-html-testrunner-logs-view.ftl"("en", UTF-8, parsed); will try to load it.
2022-11-02 00:12:18 DEBUG cache:45 - TemplateLoader.findTemplateSource("v3html/logs-view/v3-html-testrunner-logs-view_en.ftl"): Not found
2022-11-02 00:12:18 DEBUG cache:45 - TemplateLoader.findTemplateSource("v3html/logs-view/v3-html-testrunner-logs-view.ftl"): Found
2022-11-02 00:12:18 DEBUG cache:45 - Loading template for "v3html/logs-view/v3-html-testrunner-logs-view.ftl"("en", UTF-8, parsed) from "jar:file:/C:/Users/USER/.m2/repository/com/aventstack/extentreports/4.0.9/extentreports-4.0.9.jar!/com/aventstack/extentreports/view/v3html/logs-view/v3-html-testrunner-logs-view.ftl"
2022-11-06 22:10:19 INFO  Log:20 - =====================================Login Test TEST START=========================================
2022-11-06 22:10:19 INFO  Log:32 - user is going to click on signin button
2022-11-06 22:10:27 INFO  Log:32 - enter username and password
2022-11-06 22:10:34 INFO  Log:32 - Verifying user able to login
2022-11-06 22:10:34 INFO  Log:32 - Login Success
2022-11-06 22:10:34 INFO  Log:25 - =====================================Login Test TEST END=========================================
2022-11-06 22:10:35 DEBUG cache:45 - Couldn't find template in cache for "v3html/v3-html-index.ftl"("en", UTF-8, parsed); will try to load it.
2022-11-06 22:10:35 DEBUG cache:45 - TemplateLoader.findTemplateSource("v3html/v3-html-index_en.ftl"): Not found
2022-11-06 22:10:35 DEBUG cache:45 - TemplateLoader.findTemplateSource("v3html/v3-html-index.ftl"): Found
2022-11-06 22:10:35 DEBUG cache:45 - Loading template for "v3html/v3-html-index.ftl"("en", UTF-8, parsed) from "jar:file:/C:/Users/USER/.m2/repository/com/aventstack/extentreports/4.0.9/extentreports-4.0.9.jar!/com/aventstack/extentreports/view/v3html/v3-html-index.ftl"
2022-11-06 22:10:35 DEBUG cache:45 - Couldn't find template in cache for "v3html/v3-html-head.ftl"("en", UTF-8, parsed); will try to load it.
2022-11-06 22:10:35 DEBUG cache:45 - TemplateLoader.findTemplateSource("v3html/v3-html-head_en.ftl"): Not found
2022-11-06 22:10:35 DEBUG cache:45 - TemplateLoader.findTemplateSource("v3html/v3-html-head.ftl"): Found
2022-11-06 22:10:35 DEBUG cache:45 - Loading template for "v3html/v3-html-head.ftl"("en", UTF-8, parsed) from "jar:file:/C:/Users/USER/.m2/repository/com/aventstack/extentreports/4.0.9/extentreports-4.0.9.jar!/com/aventstack/extentreports/view/v3html/v3-html-head.ftl"
2022-11-06 22:10:35 DEBUG cache:45 - Couldn't find template in cache for "v3html/v3-html-nav.ftl"("en", UTF-8, parsed); will try to load it.
2022-11-06 22:10:35 DEBUG cache:45 - TemplateLoader.findTemplateSource("v3html/v3-html-nav_en.ftl"): Not found
2022-11-06 22:10:35 DEBUG cache:45 - TemplateLoader.findTemplateSource("v3html/v3-html-nav.ftl"): Found
2022-11-06 22:10:35 DEBUG cache:45 - Loading template for "v3html/v3-html-nav.ftl"("en", UTF-8, parsed) from "jar:file:/C:/Users/USER/.m2/repository/com/aventstack/extentreports/4.0.9/extentreports-4.0.9.jar!/com/aventstack/extentreports/view/v3html/v3-html-nav.ftl"
2022-11-06 22:10:35 DEBUG cache:45 - Couldn't find template in cache for "v3html/test-view/v3-html-test-view.ftl"("en", UTF-8, parsed); will try to load it.
2022-11-06 22:10:35 DEBUG cache:45 - TemplateLoader.findTemplateSource("v3html/test-view/v3-html-test-view_en.ftl"): Not found
2022-11-06 22:10:35 DEBUG cache:45 - TemplateLoader.findTemplateSource("v3html/test-view/v3-html-test-view.ftl"): Found
2022-11-06 22:10:35 DEBUG cache:45 - Loading template for "v3html/test-view/v3-html-test-view.ftl"("en", UTF-8, parsed) from "jar:file:/C:/Users/USER/.m2/repository/com/aventstack/extentreports/4.0.9/extentreports-4.0.9.jar!/com/aventstack/extentreports/view/v3html/test-view/v3-html-test-view.ftl"
2022-11-06 22:10:35 DEBUG cache:45 - Couldn't find template in cache for "v3html/test-view/v3-html-test-view-charts.ftl"("en", UTF-8, parsed); will try to load it.
2022-11-06 22:10:35 DEBUG cache:45 - TemplateLoader.findTemplateSource("v3html/test-view/v3-html-test-view-charts_en.ftl"): Not found
2022-11-06 22:10:35 DEBUG cache:45 - TemplateLoader.findTemplateSource("v3html/test-view/v3-html-test-view-charts.ftl"): Found
2022-11-06 22:10:35 DEBUG cache:45 - Loading template for "v3html/test-view/v3-html-test-view-charts.ftl"("en", UTF-8, parsed) from "jar:file:/C:/Users/USER/.m2/repository/com/aventstack/extentreports/4.0.9/extentreports-4.0.9.jar!/com/aventstack/extentreports/view/v3html/test-view/v3-html-test-view-charts.ftl"
2022-11-06 22:10:35 DEBUG cache:45 - Couldn't find template in cache for "v3html/test-view/v3-html-standard.ftl"("en", UTF-8, parsed); will try to load it.
2022-11-06 22:10:35 DEBUG cache:45 - TemplateLoader.findTemplateSource("v3html/test-view/v3-html-standard_en.ftl"): Not found
2022-11-06 22:10:35 DEBUG cache:45 - TemplateLoader.findTemplateSource("v3html/test-view/v3-html-standard.ftl"): Found
2022-11-06 22:10:35 DEBUG cache:45 - Loading template for "v3html/test-view/v3-html-standard.ftl"("en", UTF-8, parsed) from "jar:file:/C:/Users/USER/.m2/repository/com/aventstack/extentreports/4.0.9/extentreports-4.0.9.jar!/com/aventstack/extentreports/view/v3html/test-view/v3-html-standard.ftl"
2022-11-06 22:10:35 DEBUG cache:45 - "v3html/test-view/v3-html-standard.ftl"("en", UTF-8, parsed) cached copy not yet stale; using cached.
2022-11-06 22:10:35 DEBUG cache:45 - "v3html/test-view/v3-html-standard.ftl"("en", UTF-8, parsed) cached copy not yet stale; using cached.
2022-11-06 22:10:35 DEBUG cache:45 - Couldn't find template in cache for "v3html/category-view/v3-html-category-view.ftl"("en", UTF-8, parsed); will try to load it.
2022-11-06 22:10:35 DEBUG cache:45 - TemplateLoader.findTemplateSource("v3html/category-view/v3-html-category-view_en.ftl"): Not found
2022-11-06 22:10:35 DEBUG cache:45 - TemplateLoader.findTemplateSource("v3html/category-view/v3-html-category-view.ftl"): Found
2022-11-06 22:10:35 DEBUG cache:45 - Loading template for "v3html/category-view/v3-html-category-view.ftl"("en", UTF-8, parsed) from "jar:file:/C:/Users/USER/.m2/repository/com/aventstack/extentreports/4.0.9/extentreports-4.0.9.jar!/com/aventstack/extentreports/view/v3html/category-view/v3-html-category-view.ftl"
2022-11-06 22:10:35 DEBUG cache:45 - Couldn't find template in cache for "v3html/exception-view/v3-html-exception-view.ftl"("en", UTF-8, parsed); will try to load it.
2022-11-06 22:10:35 DEBUG cache:45 - TemplateLoader.findTemplateSource("v3html/exception-view/v3-html-exception-view_en.ftl"): Not found
2022-11-06 22:10:35 DEBUG cache:45 - TemplateLoader.findTemplateSource("v3html/exception-view/v3-html-exception-view.ftl"): Found
2022-11-06 22:10:35 DEBUG cache:45 - Loading template for "v3html/exception-view/v3-html-exception-view.ftl"("en", UTF-8, parsed) from "jar:file:/C:/Users/USER/.m2/repository/com/aventstack/extentreports/4.0.9/extentreports-4.0.9.jar!/com/aventstack/extentreports/view/v3html/exception-view/v3-html-exception-view.ftl"
2022-11-06 22:10:35 DEBUG cache:45 - Couldn't find template in cache for "v3html/author-view/v3-html-author-view.ftl"("en", UTF-8, parsed); will try to load it.
2022-11-06 22:10:35 DEBUG cache:45 - TemplateLoader.findTemplateSource("v3html/author-view/v3-html-author-view_en.ftl"): Not found
2022-11-06 22:10:35 DEBUG cache:45 - TemplateLoader.findTemplateSource("v3html/author-view/v3-html-author-view.ftl"): Found
2022-11-06 22:10:35 DEBUG cache:45 - Loading template for "v3html/author-view/v3-html-author-view.ftl"("en", UTF-8, parsed) from "jar:file:/C:/Users/USER/.m2/repository/com/aventstack/extentreports/4.0.9/extentreports-4.0.9.jar!/com/aventstack/extentreports/view/v3html/author-view/v3-html-author-view.ftl"
2022-11-06 22:10:35 DEBUG cache:45 - Couldn't find template in cache for "v3html/dashboard-view/v3-html-dashboard-view.ftl"("en", UTF-8, parsed); will try to load it.
2022-11-06 22:10:35 DEBUG cache:45 - TemplateLoader.findTemplateSource("v3html/dashboard-view/v3-html-dashboard-view_en.ftl"): Not found
2022-11-06 22:10:35 DEBUG cache:45 - TemplateLoader.findTemplateSource("v3html/dashboard-view/v3-html-dashboard-view.ftl"): Found
2022-11-06 22:10:35 DEBUG cache:45 - Loading template for "v3html/dashboard-view/v3-html-dashboard-view.ftl"("en", UTF-8, parsed) from "jar:file:/C:/Users/USER/.m2/repository/com/aventstack/extentreports/4.0.9/extentreports-4.0.9.jar!/com/aventstack/extentreports/view/v3html/dashboard-view/v3-html-dashboard-view.ftl"
2022-11-06 22:10:35 DEBUG cache:45 - Couldn't find template in cache for "v3html/logs-view/v3-html-testrunner-logs-view.ftl"("en", UTF-8, parsed); will try to load it.
2022-11-06 22:10:35 DEBUG cache:45 - TemplateLoader.findTemplateSource("v3html/logs-view/v3-html-testrunner-logs-view_en.ftl"): Not found
2022-11-06 22:10:35 DEBUG cache:45 - TemplateLoader.findTemplateSource("v3html/logs-view/v3-html-testrunner-logs-view.ftl"): Found
2022-11-06 22:10:35 DEBUG cache:45 - Loading template for "v3html/logs-view/v3-html-testrunner-logs-view.ftl"("en", UTF-8, parsed) from "jar:file:/C:/Users/USER/.m2/repository/com/aventstack/extentreports/4.0.9/extentreports-4.0.9.jar!/com/aventstack/extentreports/view/v3html/logs-view/v3-html-testrunner-logs-view.ftl"
2022-11-06 22:31:53 INFO  Log:20 - =====================================Login Test TEST START=========================================
2022-11-06 22:31:53 INFO  Log:32 - user is going to click on signin button
2022-11-06 22:32:15 INFO  Log:32 - enter username and password
2022-11-06 22:32:25 INFO  Log:32 - Verifying user able to login
2022-11-06 22:32:25 INFO  Log:32 - Login Success
2022-11-06 22:32:25 INFO  Log:25 - =====================================Login Test TEST END=========================================
2022-11-06 22:32:26 DEBUG cache:45 - Couldn't find template in cache for "spark/test.ftl"("en", UTF-8, parsed); will try to load it.
2022-11-06 22:32:26 DEBUG cache:45 - TemplateLoader.findTemplateSource("spark/test_en.ftl"): Not found
2022-11-06 22:32:26 DEBUG cache:45 - TemplateLoader.findTemplateSource("spark/test.ftl"): Found
2022-11-06 22:32:26 DEBUG cache:45 - Loading template for "spark/test.ftl"("en", UTF-8, parsed) from "jar:file:/C:/Users/USER/.m2/repository/com/aventstack/extentreports/4.0.9/extentreports-4.0.9.jar!/com/aventstack/extentreports/view/spark/test.ftl"
2022-11-06 22:32:26 DEBUG cache:45 - Couldn't find template in cache for "commons/commons-variables.ftl"("en", UTF-8, parsed); will try to load it.
2022-11-06 22:32:26 DEBUG cache:45 - TemplateLoader.findTemplateSource("commons/commons-variables_en.ftl"): Not found
2022-11-06 22:32:26 DEBUG cache:45 - TemplateLoader.findTemplateSource("commons/commons-variables.ftl"): Found
2022-11-06 22:32:26 DEBUG cache:45 - Loading template for "commons/commons-variables.ftl"("en", UTF-8, parsed) from "jar:file:/C:/Users/USER/.m2/repository/com/aventstack/extentreports/4.0.9/extentreports-4.0.9.jar!/com/aventstack/extentreports/view/commons/commons-variables.ftl"
2022-11-06 22:32:26 DEBUG cache:45 - Couldn't find template in cache for "commons/commons-macros.ftl"("en", UTF-8, parsed); will try to load it.
2022-11-06 22:32:26 DEBUG cache:45 - TemplateLoader.findTemplateSource("commons/commons-macros_en.ftl"): Not found
2022-11-06 22:32:26 DEBUG cache:45 - TemplateLoader.findTemplateSource("commons/commons-macros.ftl"): Found
2022-11-06 22:32:26 DEBUG cache:45 - Loading template for "commons/commons-macros.ftl"("en", UTF-8, parsed) from "jar:file:/C:/Users/USER/.m2/repository/com/aventstack/extentreports/4.0.9/extentreports-4.0.9.jar!/com/aventstack/extentreports/view/commons/commons-macros.ftl"
2022-11-06 22:32:26 DEBUG cache:45 - Couldn't find template in cache for "spark/macros/attributes.ftl"("en", UTF-8, parsed); will try to load it.
2022-11-06 22:32:26 DEBUG cache:45 - TemplateLoader.findTemplateSource("spark/macros/attributes_en.ftl"): Not found
2022-11-06 22:32:26 DEBUG cache:45 - TemplateLoader.findTemplateSource("spark/macros/attributes.ftl"): Found
2022-11-06 22:32:26 DEBUG cache:45 - Loading template for "spark/macros/attributes.ftl"("en", UTF-8, parsed) from "jar:file:/C:/Users/USER/.m2/repository/com/aventstack/extentreports/4.0.9/extentreports-4.0.9.jar!/com/aventstack/extentreports/view/spark/macros/attributes.ftl"
2022-11-06 22:32:26 DEBUG cache:45 - Couldn't find template in cache for "spark/macros/log.ftl"("en", UTF-8, parsed); will try to load it.
2022-11-06 22:32:26 DEBUG cache:45 - TemplateLoader.findTemplateSource("spark/macros/log_en.ftl"): Not found
2022-11-06 22:32:26 DEBUG cache:45 - TemplateLoader.findTemplateSource("spark/macros/log.ftl"): Found
2022-11-06 22:32:26 DEBUG cache:45 - Loading template for "spark/macros/log.ftl"("en", UTF-8, parsed) from "jar:file:/C:/Users/USER/.m2/repository/com/aventstack/extentreports/4.0.9/extentreports-4.0.9.jar!/com/aventstack/extentreports/view/spark/macros/log.ftl"
2022-11-06 22:32:26 DEBUG cache:45 - Couldn't find template in cache for "spark/macros/recurse_nodes.ftl"("en", UTF-8, parsed); will try to load it.
2022-11-06 22:32:26 DEBUG cache:45 - TemplateLoader.findTemplateSource("spark/macros/recurse_nodes_en.ftl"): Not found
2022-11-06 22:32:26 DEBUG cache:45 - TemplateLoader.findTemplateSource("spark/macros/recurse_nodes.ftl"): Found
2022-11-06 22:32:26 DEBUG cache:45 - Loading template for "spark/macros/recurse_nodes.ftl"("en", UTF-8, parsed) from "jar:file:/C:/Users/USER/.m2/repository/com/aventstack/extentreports/4.0.9/extentreports-4.0.9.jar!/com/aventstack/extentreports/view/spark/macros/recurse_nodes.ftl"
2022-11-06 22:32:26 DEBUG cache:45 - "spark/macros/log.ftl"("en", UTF-8, parsed) cached copy not yet stale; using cached.
2022-11-06 22:32:26 DEBUG cache:45 - Couldn't find template in cache for "spark/partials/head.ftl"("en", UTF-8, parsed); will try to load it.
2022-11-06 22:32:26 DEBUG cache:45 - TemplateLoader.findTemplateSource("spark/partials/head_en.ftl"): Not found
2022-11-06 22:32:26 DEBUG cache:45 - TemplateLoader.findTemplateSource("spark/partials/head.ftl"): Found
2022-11-06 22:32:26 DEBUG cache:45 - Loading template for "spark/partials/head.ftl"("en", UTF-8, parsed) from "jar:file:/C:/Users/USER/.m2/repository/com/aventstack/extentreports/4.0.9/extentreports-4.0.9.jar!/com/aventstack/extentreports/view/spark/partials/head.ftl"
2022-11-06 22:32:26 DEBUG cache:45 - Couldn't find template in cache for "commons/commons-inject-css.ftl"("en", UTF-8, parsed); will try to load it.
2022-11-06 22:32:26 DEBUG cache:45 - TemplateLoader.findTemplateSource("commons/commons-inject-css_en.ftl"): Not found
2022-11-06 22:32:26 DEBUG cache:45 - TemplateLoader.findTemplateSource("commons/commons-inject-css.ftl"): Found
2022-11-06 22:32:26 DEBUG cache:45 - Loading template for "commons/commons-inject-css.ftl"("en", UTF-8, parsed) from "jar:file:/C:/Users/USER/.m2/repository/com/aventstack/extentreports/4.0.9/extentreports-4.0.9.jar!/com/aventstack/extentreports/view/commons/commons-inject-css.ftl"
2022-11-06 22:32:26 DEBUG cache:45 - Couldn't find template in cache for "spark/partials/navbar.ftl"("en", UTF-8, parsed); will try to load it.
2022-11-06 22:32:26 DEBUG cache:45 - TemplateLoader.findTemplateSource("spark/partials/navbar_en.ftl"): Not found
2022-11-06 22:32:26 DEBUG cache:45 - TemplateLoader.findTemplateSource("spark/partials/navbar.ftl"): Found
2022-11-06 22:32:26 DEBUG cache:45 - Loading template for "spark/partials/navbar.ftl"("en", UTF-8, parsed) from "jar:file:/C:/Users/USER/.m2/repository/com/aventstack/extentreports/4.0.9/extentreports-4.0.9.jar!/com/aventstack/extentreports/view/spark/partials/navbar.ftl"
2022-11-06 22:32:26 DEBUG cache:45 - Couldn't find template in cache for "spark/partials/sidenav.ftl"("en", UTF-8, parsed); will try to load it.
2022-11-06 22:32:26 DEBUG cache:45 - TemplateLoader.findTemplateSource("spark/partials/sidenav_en.ftl"): Not found
2022-11-06 22:32:26 DEBUG cache:45 - TemplateLoader.findTemplateSource("spark/partials/sidenav.ftl"): Found
2022-11-06 22:32:26 DEBUG cache:45 - Loading template for "spark/partials/sidenav.ftl"("en", UTF-8, parsed) from "jar:file:/C:/Users/USER/.m2/repository/com/aventstack/extentreports/4.0.9/extentreports-4.0.9.jar!/com/aventstack/extentreports/view/spark/partials/sidenav.ftl"
2022-11-06 22:32:26 DEBUG cache:45 - Couldn't find template in cache for "spark/partials/standard-content.ftl"("en", UTF-8, parsed); will try to load it.
2022-11-06 22:32:26 DEBUG cache:45 - TemplateLoader.findTemplateSource("spark/partials/standard-content_en.ftl"): Not found
2022-11-06 22:32:26 DEBUG cache:45 - TemplateLoader.findTemplateSource("spark/partials/standard-content.ftl"): Found
2022-11-06 22:32:26 DEBUG cache:45 - Loading template for "spark/partials/standard-content.ftl"("en", UTF-8, parsed) from "jar:file:/C:/Users/USER/.m2/repository/com/aventstack/extentreports/4.0.9/extentreports-4.0.9.jar!/com/aventstack/extentreports/view/spark/partials/standard-content.ftl"
2022-11-06 22:32:26 DEBUG cache:45 - "spark/partials/standard-content.ftl"("en", UTF-8, parsed) cached copy not yet stale; using cached.
2022-11-06 22:32:26 DEBUG cache:45 - "spark/partials/standard-content.ftl"("en", UTF-8, parsed) cached copy not yet stale; using cached.
2022-11-06 22:32:26 DEBUG cache:45 - Couldn't find template in cache for "spark/partials/scripts.ftl"("en", UTF-8, parsed); will try to load it.
2022-11-06 22:32:26 DEBUG cache:45 - TemplateLoader.findTemplateSource("spark/partials/scripts_en.ftl"): Not found
2022-11-06 22:32:26 DEBUG cache:45 - TemplateLoader.findTemplateSource("spark/partials/scripts.ftl"): Found
2022-11-06 22:32:26 DEBUG cache:45 - Loading template for "spark/partials/scripts.ftl"("en", UTF-8, parsed) from "jar:file:/C:/Users/USER/.m2/repository/com/aventstack/extentreports/4.0.9/extentreports-4.0.9.jar!/com/aventstack/extentreports/view/spark/partials/scripts.ftl"
2022-11-06 22:32:26 DEBUG cache:45 - Couldn't find template in cache for "commons/commons-inject-js.ftl"("en", UTF-8, parsed); will try to load it.
2022-11-06 22:32:26 DEBUG cache:45 - TemplateLoader.findTemplateSource("commons/commons-inject-js_en.ftl"): Not found
2022-11-06 22:32:26 DEBUG cache:45 - TemplateLoader.findTemplateSource("commons/commons-inject-js.ftl"): Found
2022-11-06 22:32:26 DEBUG cache:45 - Loading template for "commons/commons-inject-js.ftl"("en", UTF-8, parsed) from "jar:file:/C:/Users/USER/.m2/repository/com/aventstack/extentreports/4.0.9/extentreports-4.0.9.jar!/com/aventstack/extentreports/view/commons/commons-inject-js.ftl"
2022-11-06 22:32:26 DEBUG cache:45 - Couldn't find template in cache for "spark/dashboard.ftl"("en", UTF-8, parsed); will try to load it.
2022-11-06 22:32:26 DEBUG cache:45 - TemplateLoader.findTemplateSource("spark/dashboard_en.ftl"): Not found
2022-11-06 22:32:26 DEBUG cache:45 - TemplateLoader.findTemplateSource("spark/dashboard.ftl"): Found
2022-11-06 22:32:26 DEBUG cache:45 - Loading template for "spark/dashboard.ftl"("en", UTF-8, parsed) from "jar:file:/C:/Users/USER/.m2/repository/com/aventstack/extentreports/4.0.9/extentreports-4.0.9.jar!/com/aventstack/extentreports/view/spark/dashboard.ftl"
2022-11-06 22:32:26 DEBUG cache:45 - Couldn't find template in cache for "commons/commons-variables.ftl"("en", UTF-8, parsed); will try to load it.
2022-11-06 22:32:26 DEBUG cache:45 - TemplateLoader.findTemplateSource("commons/commons-variables_en.ftl"): Not found
2022-11-06 22:32:26 DEBUG cache:45 - TemplateLoader.findTemplateSource("commons/commons-variables.ftl"): Found
2022-11-06 22:32:26 DEBUG cache:45 - Loading template for "commons/commons-variables.ftl"("en", UTF-8, parsed) from "jar:file:/C:/Users/USER/.m2/repository/com/aventstack/extentreports/4.0.9/extentreports-4.0.9.jar!/com/aventstack/extentreports/view/commons/commons-variables.ftl"
2022-11-06 22:32:26 DEBUG cache:45 - Couldn't find template in cache for "spark/partials/head.ftl"("en", UTF-8, parsed); will try to load it.
2022-11-06 22:32:26 DEBUG cache:45 - TemplateLoader.findTemplateSource("spark/partials/head_en.ftl"): Not found
2022-11-06 22:32:26 DEBUG cache:45 - TemplateLoader.findTemplateSource("spark/partials/head.ftl"): Found
2022-11-06 22:32:26 DEBUG cache:45 - Loading template for "spark/partials/head.ftl"("en", UTF-8, parsed) from "jar:file:/C:/Users/USER/.m2/repository/com/aventstack/extentreports/4.0.9/extentreports-4.0.9.jar!/com/aventstack/extentreports/view/spark/partials/head.ftl"
2022-11-06 22:32:26 DEBUG cache:45 - Couldn't find template in cache for "commons/commons-inject-css.ftl"("en", UTF-8, parsed); will try to load it.
2022-11-06 22:32:26 DEBUG cache:45 - TemplateLoader.findTemplateSource("commons/commons-inject-css_en.ftl"): Not found
2022-11-06 22:32:26 DEBUG cache:45 - TemplateLoader.findTemplateSource("commons/commons-inject-css.ftl"): Found
2022-11-06 22:32:26 DEBUG cache:45 - Loading template for "commons/commons-inject-css.ftl"("en", UTF-8, parsed) from "jar:file:/C:/Users/USER/.m2/repository/com/aventstack/extentreports/4.0.9/extentreports-4.0.9.jar!/com/aventstack/extentreports/view/commons/commons-inject-css.ftl"
2022-11-06 22:32:26 DEBUG cache:45 - Couldn't find template in cache for "spark/partials/navbar.ftl"("en", UTF-8, parsed); will try to load it.
2022-11-06 22:32:26 DEBUG cache:45 - TemplateLoader.findTemplateSource("spark/partials/navbar_en.ftl"): Not found
2022-11-06 22:32:26 DEBUG cache:45 - TemplateLoader.findTemplateSource("spark/partials/navbar.ftl"): Found
2022-11-06 22:32:26 DEBUG cache:45 - Loading template for "spark/partials/navbar.ftl"("en", UTF-8, parsed) from "jar:file:/C:/Users/USER/.m2/repository/com/aventstack/extentreports/4.0.9/extentreports-4.0.9.jar!/com/aventstack/extentreports/view/spark/partials/navbar.ftl"
2022-11-06 22:32:26 DEBUG cache:45 - Couldn't find template in cache for "spark/partials/sidenav.ftl"("en", UTF-8, parsed); will try to load it.
2022-11-06 22:32:26 DEBUG cache:45 - TemplateLoader.findTemplateSource("spark/partials/sidenav_en.ftl"): Not found
2022-11-06 22:32:26 DEBUG cache:45 - TemplateLoader.findTemplateSource("spark/partials/sidenav.ftl"): Found
2022-11-06 22:32:26 DEBUG cache:45 - Loading template for "spark/partials/sidenav.ftl"("en", UTF-8, parsed) from "jar:file:/C:/Users/USER/.m2/repository/com/aventstack/extentreports/4.0.9/extentreports-4.0.9.jar!/com/aventstack/extentreports/view/spark/partials/sidenav.ftl"
2022-11-06 22:32:26 DEBUG cache:45 - Couldn't find template in cache for "spark/partials/scripts.ftl"("en", UTF-8, parsed); will try to load it.
2022-11-06 22:32:26 DEBUG cache:45 - TemplateLoader.findTemplateSource("spark/partials/scripts_en.ftl"): Not found
2022-11-06 22:32:26 DEBUG cache:45 - TemplateLoader.findTemplateSource("spark/partials/scripts.ftl"): Found
2022-11-06 22:32:26 DEBUG cache:45 - Loading template for "spark/partials/scripts.ftl"("en", UTF-8, parsed) from "jar:file:/C:/Users/USER/.m2/repository/com/aventstack/extentreports/4.0.9/extentreports-4.0.9.jar!/com/aventstack/extentreports/view/spark/partials/scripts.ftl"
2022-11-06 22:32:26 DEBUG cache:45 - Couldn't find template in cache for "commons/commons-inject-js.ftl"("en", UTF-8, parsed); will try to load it.
2022-11-06 22:32:26 DEBUG cache:45 - TemplateLoader.findTemplateSource("commons/commons-inject-js_en.ftl"): Not found
2022-11-06 22:32:26 DEBUG cache:45 - TemplateLoader.findTemplateSource("commons/commons-inject-js.ftl"): Found
2022-11-06 22:32:26 DEBUG cache:45 - Loading template for "commons/commons-inject-js.ftl"("en", UTF-8, parsed) from "jar:file:/C:/Users/USER/.m2/repository/com/aventstack/extentreports/4.0.9/extentreports-4.0.9.jar!/com/aventstack/extentreports/view/commons/commons-inject-js.ftl"
2022-11-06 22:35:21 INFO  Log:20 - =====================================Login Test TEST START=========================================
2022-11-06 22:35:21 INFO  Log:32 - user is going to click on signin button
2022-11-06 22:36:05 INFO  Log:32 - enter username and password
2022-11-06 22:36:13 INFO  Log:32 - Verifying user able to login
2022-11-06 22:36:13 INFO  Log:32 - Login Success
2022-11-06 22:36:13 INFO  Log:25 - =====================================Login Test TEST END=========================================
2022-11-06 22:36:13 DEBUG cache:45 - Couldn't find template in cache for "spark/test.ftl"("en", UTF-8, parsed); will try to load it.
2022-11-06 22:36:13 DEBUG cache:45 - TemplateLoader.findTemplateSource("spark/test_en.ftl"): Not found
2022-11-06 22:36:13 DEBUG cache:45 - TemplateLoader.findTemplateSource("spark/test.ftl"): Found
2022-11-06 22:36:13 DEBUG cache:45 - Loading template for "spark/test.ftl"("en", UTF-8, parsed) from "jar:file:/C:/Users/USER/.m2/repository/com/aventstack/extentreports/4.0.9/extentreports-4.0.9.jar!/com/aventstack/extentreports/view/spark/test.ftl"
2022-11-06 22:36:13 DEBUG cache:45 - Couldn't find template in cache for "commons/commons-variables.ftl"("en", UTF-8, parsed); will try to load it.
2022-11-06 22:36:13 DEBUG cache:45 - TemplateLoader.findTemplateSource("commons/commons-variables_en.ftl"): Not found
2022-11-06 22:36:13 DEBUG cache:45 - TemplateLoader.findTemplateSource("commons/commons-variables.ftl"): Found
2022-11-06 22:36:13 DEBUG cache:45 - Loading template for "commons/commons-variables.ftl"("en", UTF-8, parsed) from "jar:file:/C:/Users/USER/.m2/repository/com/aventstack/extentreports/4.0.9/extentreports-4.0.9.jar!/com/aventstack/extentreports/view/commons/commons-variables.ftl"
2022-11-06 22:36:13 DEBUG cache:45 - Couldn't find template in cache for "commons/commons-macros.ftl"("en", UTF-8, parsed); will try to load it.
2022-11-06 22:36:13 DEBUG cache:45 - TemplateLoader.findTemplateSource("commons/commons-macros_en.ftl"): Not found
2022-11-06 22:36:14 DEBUG cache:45 - TemplateLoader.findTemplateSource("commons/commons-macros.ftl"): Found
2022-11-06 22:36:14 DEBUG cache:45 - Loading template for "commons/commons-macros.ftl"("en", UTF-8, parsed) from "jar:file:/C:/Users/USER/.m2/repository/com/aventstack/extentreports/4.0.9/extentreports-4.0.9.jar!/com/aventstack/extentreports/view/commons/commons-macros.ftl"
2022-11-06 22:36:14 DEBUG cache:45 - Couldn't find template in cache for "spark/macros/attributes.ftl"("en", UTF-8, parsed); will try to load it.
2022-11-06 22:36:14 DEBUG cache:45 - TemplateLoader.findTemplateSource("spark/macros/attributes_en.ftl"): Not found
2022-11-06 22:36:14 DEBUG cache:45 - TemplateLoader.findTemplateSource("spark/macros/attributes.ftl"): Found
2022-11-06 22:36:14 DEBUG cache:45 - Loading template for "spark/macros/attributes.ftl"("en", UTF-8, parsed) from "jar:file:/C:/Users/USER/.m2/repository/com/aventstack/extentreports/4.0.9/extentreports-4.0.9.jar!/com/aventstack/extentreports/view/spark/macros/attributes.ftl"
2022-11-06 22:36:14 DEBUG cache:45 - Couldn't find template in cache for "spark/macros/log.ftl"("en", UTF-8, parsed); will try to load it.
2022-11-06 22:36:14 DEBUG cache:45 - TemplateLoader.findTemplateSource("spark/macros/log_en.ftl"): Not found
2022-11-06 22:36:14 DEBUG cache:45 - TemplateLoader.findTemplateSource("spark/macros/log.ftl"): Found
2022-11-06 22:36:14 DEBUG cache:45 - Loading template for "spark/macros/log.ftl"("en", UTF-8, parsed) from "jar:file:/C:/Users/USER/.m2/repository/com/aventstack/extentreports/4.0.9/extentreports-4.0.9.jar!/com/aventstack/extentreports/view/spark/macros/log.ftl"
2022-11-06 22:36:14 DEBUG cache:45 - Couldn't find template in cache for "spark/macros/recurse_nodes.ftl"("en", UTF-8, parsed); will try to load it.
2022-11-06 22:36:14 DEBUG cache:45 - TemplateLoader.findTemplateSource("spark/macros/recurse_nodes_en.ftl"): Not found
2022-11-06 22:36:14 DEBUG cache:45 - TemplateLoader.findTemplateSource("spark/macros/recurse_nodes.ftl"): Found
2022-11-06 22:36:14 DEBUG cache:45 - Loading template for "spark/macros/recurse_nodes.ftl"("en", UTF-8, parsed) from "jar:file:/C:/Users/USER/.m2/repository/com/aventstack/extentreports/4.0.9/extentreports-4.0.9.jar!/com/aventstack/extentreports/view/spark/macros/recurse_nodes.ftl"
2022-11-06 22:36:14 DEBUG cache:45 - "spark/macros/log.ftl"("en", UTF-8, parsed) cached copy not yet stale; using cached.
2022-11-06 22:36:14 DEBUG cache:45 - Couldn't find template in cache for "spark/partials/head.ftl"("en", UTF-8, parsed); will try to load it.
2022-11-06 22:36:14 DEBUG cache:45 - TemplateLoader.findTemplateSource("spark/partials/head_en.ftl"): Not found
2022-11-06 22:36:14 DEBUG cache:45 - TemplateLoader.findTemplateSource("spark/partials/head.ftl"): Found
2022-11-06 22:36:14 DEBUG cache:45 - Loading template for "spark/partials/head.ftl"("en", UTF-8, parsed) from "jar:file:/C:/Users/USER/.m2/repository/com/aventstack/extentreports/4.0.9/extentreports-4.0.9.jar!/com/aventstack/extentreports/view/spark/partials/head.ftl"
2022-11-06 22:36:14 DEBUG cache:45 - Couldn't find template in cache for "commons/commons-inject-css.ftl"("en", UTF-8, parsed); will try to load it.
2022-11-06 22:36:14 DEBUG cache:45 - TemplateLoader.findTemplateSource("commons/commons-inject-css_en.ftl"): Not found
2022-11-06 22:36:14 DEBUG cache:45 - TemplateLoader.findTemplateSource("commons/commons-inject-css.ftl"): Found
2022-11-06 22:36:14 DEBUG cache:45 - Loading template for "commons/commons-inject-css.ftl"("en", UTF-8, parsed) from "jar:file:/C:/Users/USER/.m2/repository/com/aventstack/extentreports/4.0.9/extentreports-4.0.9.jar!/com/aventstack/extentreports/view/commons/commons-inject-css.ftl"
2022-11-06 22:36:14 DEBUG cache:45 - Couldn't find template in cache for "spark/partials/navbar.ftl"("en", UTF-8, parsed); will try to load it.
2022-11-06 22:36:14 DEBUG cache:45 - TemplateLoader.findTemplateSource("spark/partials/navbar_en.ftl"): Not found
2022-11-06 22:36:14 DEBUG cache:45 - TemplateLoader.findTemplateSource("spark/partials/navbar.ftl"): Found
2022-11-06 22:36:14 DEBUG cache:45 - Loading template for "spark/partials/navbar.ftl"("en", UTF-8, parsed) from "jar:file:/C:/Users/USER/.m2/repository/com/aventstack/extentreports/4.0.9/extentreports-4.0.9.jar!/com/aventstack/extentreports/view/spark/partials/navbar.ftl"
2022-11-06 22:36:14 DEBUG cache:45 - Couldn't find template in cache for "spark/partials/sidenav.ftl"("en", UTF-8, parsed); will try to load it.
2022-11-06 22:36:14 DEBUG cache:45 - TemplateLoader.findTemplateSource("spark/partials/sidenav_en.ftl"): Not found
2022-11-06 22:36:14 DEBUG cache:45 - TemplateLoader.findTemplateSource("spark/partials/sidenav.ftl"): Found
2022-11-06 22:36:14 DEBUG cache:45 - Loading template for "spark/partials/sidenav.ftl"("en", UTF-8, parsed) from "jar:file:/C:/Users/USER/.m2/repository/com/aventstack/extentreports/4.0.9/extentreports-4.0.9.jar!/com/aventstack/extentreports/view/spark/partials/sidenav.ftl"
2022-11-06 22:36:14 DEBUG cache:45 - Couldn't find template in cache for "spark/partials/standard-content.ftl"("en", UTF-8, parsed); will try to load it.
2022-11-06 22:36:14 DEBUG cache:45 - TemplateLoader.findTemplateSource("spark/partials/standard-content_en.ftl"): Not found
2022-11-06 22:36:14 DEBUG cache:45 - TemplateLoader.findTemplateSource("spark/partials/standard-content.ftl"): Found
2022-11-06 22:36:14 DEBUG cache:45 - Loading template for "spark/partials/standard-content.ftl"("en", UTF-8, parsed) from "jar:file:/C:/Users/USER/.m2/repository/com/aventstack/extentreports/4.0.9/extentreports-4.0.9.jar!/com/aventstack/extentreports/view/spark/partials/standard-content.ftl"
2022-11-06 22:36:14 DEBUG cache:45 - Couldn't find template in cache for "spark/partials/scripts.ftl"("en", UTF-8, parsed); will try to load it.
2022-11-06 22:36:14 DEBUG cache:45 - TemplateLoader.findTemplateSource("spark/partials/scripts_en.ftl"): Not found
2022-11-06 22:36:14 DEBUG cache:45 - TemplateLoader.findTemplateSource("spark/partials/scripts.ftl"): Found
2022-11-06 22:36:14 DEBUG cache:45 - Loading template for "spark/partials/scripts.ftl"("en", UTF-8, parsed) from "jar:file:/C:/Users/USER/.m2/repository/com/aventstack/extentreports/4.0.9/extentreports-4.0.9.jar!/com/aventstack/extentreports/view/spark/partials/scripts.ftl"
2022-11-06 22:36:14 DEBUG cache:45 - Couldn't find template in cache for "commons/commons-inject-js.ftl"("en", UTF-8, parsed); will try to load it.
2022-11-06 22:36:14 DEBUG cache:45 - TemplateLoader.findTemplateSource("commons/commons-inject-js_en.ftl"): Not found
2022-11-06 22:36:14 DEBUG cache:45 - TemplateLoader.findTemplateSource("commons/commons-inject-js.ftl"): Found
2022-11-06 22:36:14 DEBUG cache:45 - Loading template for "commons/commons-inject-js.ftl"("en", UTF-8, parsed) from "jar:file:/C:/Users/USER/.m2/repository/com/aventstack/extentreports/4.0.9/extentreports-4.0.9.jar!/com/aventstack/extentreports/view/commons/commons-inject-js.ftl"
2022-11-06 22:36:14 DEBUG cache:45 - Couldn't find template in cache for "spark/dashboard.ftl"("en", UTF-8, parsed); will try to load it.
2022-11-06 22:36:14 DEBUG cache:45 - TemplateLoader.findTemplateSource("spark/dashboard_en.ftl"): Not found
2022-11-06 22:36:14 DEBUG cache:45 - TemplateLoader.findTemplateSource("spark/dashboard.ftl"): Found
2022-11-06 22:36:14 DEBUG cache:45 - Loading template for "spark/dashboard.ftl"("en", UTF-8, parsed) from "jar:file:/C:/Users/USER/.m2/repository/com/aventstack/extentreports/4.0.9/extentreports-4.0.9.jar!/com/aventstack/extentreports/view/spark/dashboard.ftl"
2022-11-06 22:36:14 DEBUG cache:45 - Couldn't find template in cache for "commons/commons-variables.ftl"("en", UTF-8, parsed); will try to load it.
2022-11-06 22:36:14 DEBUG cache:45 - TemplateLoader.findTemplateSource("commons/commons-variables_en.ftl"): Not found
2022-11-06 22:36:14 DEBUG cache:45 - TemplateLoader.findTemplateSource("commons/commons-variables.ftl"): Found
2022-11-06 22:36:14 DEBUG cache:45 - Loading template for "commons/commons-variables.ftl"("en", UTF-8, parsed) from "jar:file:/C:/Users/USER/.m2/repository/com/aventstack/extentreports/4.0.9/extentreports-4.0.9.jar!/com/aventstack/extentreports/view/commons/commons-variables.ftl"
2022-11-06 22:36:14 DEBUG cache:45 - Couldn't find template in cache for "spark/partials/head.ftl"("en", UTF-8, parsed); will try to load it.
2022-11-06 22:36:14 DEBUG cache:45 - TemplateLoader.findTemplateSource("spark/partials/head_en.ftl"): Not found
2022-11-06 22:36:14 DEBUG cache:45 - TemplateLoader.findTemplateSource("spark/partials/head.ftl"): Found
2022-11-06 22:36:14 DEBUG cache:45 - Loading template for "spark/partials/head.ftl"("en", UTF-8, parsed) from "jar:file:/C:/Users/USER/.m2/repository/com/aventstack/extentreports/4.0.9/extentreports-4.0.9.jar!/com/aventstack/extentreports/view/spark/partials/head.ftl"
2022-11-06 22:36:14 DEBUG cache:45 - Couldn't find template in cache for "commons/commons-inject-css.ftl"("en", UTF-8, parsed); will try to load it.
2022-11-06 22:36:14 DEBUG cache:45 - TemplateLoader.findTemplateSource("commons/commons-inject-css_en.ftl"): Not found
2022-11-06 22:36:14 DEBUG cache:45 - TemplateLoader.findTemplateSource("commons/commons-inject-css.ftl"): Found
2022-11-06 22:36:14 DEBUG cache:45 - Loading template for "commons/commons-inject-css.ftl"("en", UTF-8, parsed) from "jar:file:/C:/Users/USER/.m2/repository/com/aventstack/extentreports/4.0.9/extentreports-4.0.9.jar!/com/aventstack/extentreports/view/commons/commons-inject-css.ftl"
2022-11-06 22:36:14 DEBUG cache:45 - Couldn't find template in cache for "spark/partials/navbar.ftl"("en", UTF-8, parsed); will try to load it.
2022-11-06 22:36:14 DEBUG cache:45 - TemplateLoader.findTemplateSource("spark/partials/navbar_en.ftl"): Not found
2022-11-06 22:36:14 DEBUG cache:45 - TemplateLoader.findTemplateSource("spark/partials/navbar.ftl"): Found
2022-11-06 22:36:14 DEBUG cache:45 - Loading template for "spark/partials/navbar.ftl"("en", UTF-8, parsed) from "jar:file:/C:/Users/USER/.m2/repository/com/aventstack/extentreports/4.0.9/extentreports-4.0.9.jar!/com/aventstack/extentreports/view/spark/partials/navbar.ftl"
2022-11-06 22:36:14 DEBUG cache:45 - Couldn't find template in cache for "spark/partials/sidenav.ftl"("en", UTF-8, parsed); will try to load it.
2022-11-06 22:36:14 DEBUG cache:45 - TemplateLoader.findTemplateSource("spark/partials/sidenav_en.ftl"): Not found
2022-11-06 22:36:14 DEBUG cache:45 - TemplateLoader.findTemplateSource("spark/partials/sidenav.ftl"): Found
2022-11-06 22:36:14 DEBUG cache:45 - Loading template for "spark/partials/sidenav.ftl"("en", UTF-8, parsed) from "jar:file:/C:/Users/USER/.m2/repository/com/aventstack/extentreports/4.0.9/extentreports-4.0.9.jar!/com/aventstack/extentreports/view/spark/partials/sidenav.ftl"
2022-11-06 22:36:14 DEBUG cache:45 - Couldn't find template in cache for "spark/partials/scripts.ftl"("en", UTF-8, parsed); will try to load it.
2022-11-06 22:36:14 DEBUG cache:45 - TemplateLoader.findTemplateSource("spark/partials/scripts_en.ftl"): Not found
2022-11-06 22:36:14 DEBUG cache:45 - TemplateLoader.findTemplateSource("spark/partials/scripts.ftl"): Found
2022-11-06 22:36:14 DEBUG cache:45 - Loading template for "spark/partials/scripts.ftl"("en", UTF-8, parsed) from "jar:file:/C:/Users/USER/.m2/repository/com/aventstack/extentreports/4.0.9/extentreports-4.0.9.jar!/com/aventstack/extentreports/view/spark/partials/scripts.ftl"
2022-11-06 22:36:14 DEBUG cache:45 - Couldn't find template in cache for "commons/commons-inject-js.ftl"("en", UTF-8, parsed); will try to load it.
2022-11-06 22:36:14 DEBUG cache:45 - TemplateLoader.findTemplateSource("commons/commons-inject-js_en.ftl"): Not found
2022-11-06 22:36:14 DEBUG cache:45 - TemplateLoader.findTemplateSource("commons/commons-inject-js.ftl"): Found
2022-11-06 22:36:14 DEBUG cache:45 - Loading template for "commons/commons-inject-js.ftl"("en", UTF-8, parsed) from "jar:file:/C:/Users/USER/.m2/repository/com/aventstack/extentreports/4.0.9/extentreports-4.0.9.jar!/com/aventstack/extentreports/view/commons/commons-inject-js.ftl"
